06-Jul-2023 10:39:32.820 INFO [main] org.apache.catalina.startup.VersionLoggerListener.log Server version name:   Apache Tomcat/9.0.21
06-Jul-2023 10:39:32.824 INFO [main] org.apache.catalina.startup.VersionLoggerListener.log Server built:          Jun 4 2019 20:19:36 UTC
06-Jul-2023 10:39:32.824 INFO [main] org.apache.catalina.startup.VersionLoggerListener.log Server version number: 9.0.21.0
06-Jul-2023 10:39:32.824 INFO [main] org.apache.catalina.startup.VersionLoggerListener.log OS Name:               Windows 10
06-Jul-2023 10:39:32.824 INFO [main] org.apache.catalina.startup.VersionLoggerListener.log OS Version:            10.0
06-Jul-2023 10:39:32.824 INFO [main] org.apache.catalina.startup.VersionLoggerListener.log Architecture:          amd64
06-Jul-2023 10:39:32.824 INFO [main] org.apache.catalina.startup.VersionLoggerListener.log Java Home:             C:\Program Files\Java\jre1.8.0_281
06-Jul-2023 10:39:32.824 INFO [main] org.apache.catalina.startup.VersionLoggerListener.log JVM Version:           1.8.0_281-b09
06-Jul-2023 10:39:32.824 INFO [main] org.apache.catalina.startup.VersionLoggerListener.log JVM Vendor:            Oracle Corporation
06-Jul-2023 10:39:32.824 INFO [main] org.apache.catalina.startup.VersionLoggerListener.log CATALINA_BASE:         D:\setup_file\apache-tomcat-9.0.21
06-Jul-2023 10:39:32.824 INFO [main] org.apache.catalina.startup.VersionLoggerListener.log CATALINA_HOME:         D:\setup_file\apache-tomcat-9.0.21
06-Jul-2023 10:39:32.827 INFO [main] org.apache.catalina.startup.VersionLoggerListener.log Command line argument: -Djava.util.logging.config.file=D:\setup_file\apache-tomcat-9.0.21\conf\logging.properties
06-Jul-2023 10:39:32.828 INFO [main] org.apache.catalina.startup.VersionLoggerListener.log Command line argument: -Djava.util.logging.manager=org.apache.juli.ClassLoaderLogManager
06-Jul-2023 10:39:32.828 INFO [main] org.apache.catalina.startup.VersionLoggerListener.log Command line argument: -Djdk.tls.ephemeralDHKeySize=2048
06-Jul-2023 10:39:32.828 INFO [main] org.apache.catalina.startup.VersionLoggerListener.log Command line argument: -Djava.protocol.handler.pkgs=org.apache.catalina.webresources
06-Jul-2023 10:39:32.828 INFO [main] org.apache.catalina.startup.VersionLoggerListener.log Command line argument: -Dignore.endorsed.dirs=
06-Jul-2023 10:39:32.828 INFO [main] org.apache.catalina.startup.VersionLoggerListener.log Command line argument: -Dcatalina.base=D:\setup_file\apache-tomcat-9.0.21
06-Jul-2023 10:39:32.828 INFO [main] org.apache.catalina.startup.VersionLoggerListener.log Command line argument: -Dcatalina.home=D:\setup_file\apache-tomcat-9.0.21
06-Jul-2023 10:39:32.828 INFO [main] org.apache.catalina.startup.VersionLoggerListener.log Command line argument: -Djava.io.tmpdir=D:\setup_file\apache-tomcat-9.0.21\temp
06-Jul-2023 10:39:32.828 INFO [main] org.apache.catalina.core.AprLifecycleListener.lifecycleEvent The APR based Apache Tomcat Native library which allows optimal performance in production environments was not found on the java.library.path: [C:\Program Files\Java\jre1.8.0_281\bin;C:\WINDOWS\Sun\Java\bin;C:\WINDOWS\system32;C:\WINDOWS;C:\Program Files (x86)\Common Files\Oracle\Java\javapath;C:\WINDOWS\system32;C:\WINDOWS;C:\WINDOWS\System32\Wbem;C:\WINDOWS\System32\WindowsPowerShell\v1.0\;C:\WINDOWS\System32\OpenSSH\;C:\Program Files\nodejs\;C:\Program Files\Git\cmd;C:\Users\DELL\AppData\Local\Microsoft\WindowsApps;C:\Users\DELL\AppData\Roaming\npm;;.]
06-Jul-2023 10:39:33.079 INFO [main] org.apache.coyote.AbstractProtocol.init Initializing ProtocolHandler ["http-nio-8080"]
06-Jul-2023 10:39:33.174 INFO [main] org.apache.coyote.AbstractProtocol.init Initializing ProtocolHandler ["ajp-nio-8009"]
06-Jul-2023 10:39:33.176 INFO [main] org.apache.catalina.startup.Catalina.load Server initialization in [463] milliseconds
06-Jul-2023 10:39:33.192 INFO [main] org.apache.catalina.core.StandardService.startInternal Starting service [Catalina]
06-Jul-2023 10:39:33.193 INFO [main] org.apache.catalina.core.StandardEngine.startInternal Starting Servlet engine: [Apache Tomcat/9.0.21]
06-Jul-2023 10:39:33.210 INFO [main] org.apache.catalina.startup.HostConfig.deployWAR Deploying web application archive [D:\setup_file\apache-tomcat-9.0.21\webapps\ROOT.war]
06-Jul-2023 10:39:33.225 INFO [main] org.apache.catalina.startup.ExpandWar.expand An expanded directory [D:\setup_file\apache-tomcat-9.0.21\webapps\ROOT] was found with a last modified time that did not match the associated WAR. It will be deleted.
06-Jul-2023 10:39:33.681 INFO [main] org.apache.jasper.servlet.TldScanner.scanJars At least one JAR was scanned for TLDs yet contained no TLDs. Enable debug logging for this logger for a complete list of JARs that were scanned but no TLDs were found in them. Skipping unneeded JARs during scanning can improve startup time and JSP compilation time.
06-Jul-2023 10:39:33.712 INFO [main] org.apache.catalina.startup.HostConfig.deployWAR Deployment of web application archive [D:\setup_file\apache-tomcat-9.0.21\webapps\ROOT.war] has finished in [502] ms
06-Jul-2023 10:39:33.713 INFO [main] org.apache.catalina.startup.HostConfig.deployDirectory Deploying web application directory [D:\setup_file\apache-tomcat-9.0.21\webapps\docs]
06-Jul-2023 10:39:33.727 INFO [main] org.apache.catalina.startup.HostConfig.deployDirectory Deployment of web application directory [D:\setup_file\apache-tomcat-9.0.21\webapps\docs] has finished in [13] ms
06-Jul-2023 10:39:33.727 INFO [main] org.apache.catalina.startup.HostConfig.deployDirectory Deploying web application directory [D:\setup_file\apache-tomcat-9.0.21\webapps\examples]
06-Jul-2023 10:39:34.019 INFO [main] org.apache.catalina.startup.HostConfig.deployDirectory Deployment of web application directory [D:\setup_file\apache-tomcat-9.0.21\webapps\examples] has finished in [292] ms
06-Jul-2023 10:39:34.019 INFO [main] org.apache.catalina.startup.HostConfig.deployDirectory Deploying web application directory [D:\setup_file\apache-tomcat-9.0.21\webapps\Gradle___com_example___ss10_1_0_SNAPSHOT_war]
06-Jul-2023 10:39:34.095 INFO [main] org.apache.catalina.startup.HostConfig.deployDirectory Deployment of web application directory [D:\setup_file\apache-tomcat-9.0.21\webapps\Gradle___com_example___ss10_1_0_SNAPSHOT_war] has finished in [76] ms
06-Jul-2023 10:39:34.095 INFO [main] org.apache.catalina.startup.HostConfig.deployDirectory Deploying web application directory [D:\setup_file\apache-tomcat-9.0.21\webapps\host-manager]
06-Jul-2023 10:39:34.113 INFO [main] org.apache.catalina.startup.HostConfig.deployDirectory Deployment of web application directory [D:\setup_file\apache-tomcat-9.0.21\webapps\host-manager] has finished in [18] ms
06-Jul-2023 10:39:34.113 INFO [main] org.apache.catalina.startup.HostConfig.deployDirectory Deploying web application directory [D:\setup_file\apache-tomcat-9.0.21\webapps\manager]
06-Jul-2023 10:39:34.128 INFO [main] org.apache.catalina.startup.HostConfig.deployDirectory Deployment of web application directory [D:\setup_file\apache-tomcat-9.0.21\webapps\manager] has finished in [15] ms
06-Jul-2023 10:39:34.130 INFO [main] org.apache.coyote.AbstractProtocol.start Starting ProtocolHandler ["http-nio-8080"]
06-Jul-2023 10:39:34.134 INFO [main] org.apache.coyote.AbstractProtocol.start Starting ProtocolHandler ["ajp-nio-8009"]
06-Jul-2023 10:39:34.137 INFO [main] org.apache.catalina.startup.Catalina.start Server startup in [960] milliseconds
06-Jul-2023 10:41:18.588 SEVERE [main] org.apache.catalina.startup.Catalina.stopServer Could not contact [localhost:8005] (base port [8005] and offset [0]). Tomcat may not be running.
