03-Oct-2023 08:28:18.944 INFO [main] org.apache.catalina.startup.VersionLoggerListener.log Server version name:   Apache Tomcat/9.0.21
03-Oct-2023 08:28:18.958 INFO [main] org.apache.catalina.startup.VersionLoggerListener.log Server built:          Jun 4 2019 20:19:36 UTC
03-Oct-2023 08:28:18.958 INFO [main] org.apache.catalina.startup.VersionLoggerListener.log Server version number: 9.0.21.0
03-Oct-2023 08:28:18.959 INFO [main] org.apache.catalina.startup.VersionLoggerListener.log OS Name:               Windows 10
03-Oct-2023 08:28:18.959 INFO [main] org.apache.catalina.startup.VersionLoggerListener.log OS Version:            10.0
03-Oct-2023 08:28:18.959 INFO [main] org.apache.catalina.startup.VersionLoggerListener.log Architecture:          amd64
03-Oct-2023 08:28:18.959 INFO [main] org.apache.catalina.startup.VersionLoggerListener.log Java Home:             C:\Program Files\Java\jre1.8.0_281
03-Oct-2023 08:28:18.959 INFO [main] org.apache.catalina.startup.VersionLoggerListener.log JVM Version:           1.8.0_281-b09
03-Oct-2023 08:28:18.959 INFO [main] org.apache.catalina.startup.VersionLoggerListener.log JVM Vendor:            Oracle Corporation
03-Oct-2023 08:28:18.959 INFO [main] org.apache.catalina.startup.VersionLoggerListener.log CATALINA_BASE:         D:\setup_file\apache-tomcat-9.0.21
03-Oct-2023 08:28:18.959 INFO [main] org.apache.catalina.startup.VersionLoggerListener.log CATALINA_HOME:         D:\setup_file\apache-tomcat-9.0.21
03-Oct-2023 08:28:18.962 INFO [main] org.apache.catalina.startup.VersionLoggerListener.log Command line argument: -Djava.util.logging.config.file=D:/setup_file/apache-tomcat-9.0.21/conf/logging.properties
03-Oct-2023 08:28:18.962 INFO [main] org.apache.catalina.startup.VersionLoggerListener.log Command line argument: -Djava.util.logging.manager=org.apache.juli.ClassLoaderLogManager
03-Oct-2023 08:28:18.962 INFO [main] org.apache.catalina.startup.VersionLoggerListener.log Command line argument: -Djdk.tls.ephemeralDHKeySize=2048
03-Oct-2023 08:28:18.962 INFO [main] org.apache.catalina.startup.VersionLoggerListener.log Command line argument: -Djava.protocol.handler.pkgs=org.apache.catalina.webresources
03-Oct-2023 08:28:18.962 INFO [main] org.apache.catalina.startup.VersionLoggerListener.log Command line argument: -Dorg.apache.catalina.security.SecurityListener.UMASK=0027
03-Oct-2023 08:28:18.962 INFO [main] org.apache.catalina.startup.VersionLoggerListener.log Command line argument: -Dignore.endorsed.dirs=
03-Oct-2023 08:28:18.962 INFO [main] org.apache.catalina.startup.VersionLoggerListener.log Command line argument: -Dcatalina.base=D:/setup_file/apache-tomcat-9.0.21
03-Oct-2023 08:28:18.962 INFO [main] org.apache.catalina.startup.VersionLoggerListener.log Command line argument: -Dcatalina.home=D:/setup_file/apache-tomcat-9.0.21
03-Oct-2023 08:28:18.962 INFO [main] org.apache.catalina.startup.VersionLoggerListener.log Command line argument: -Djava.io.tmpdir=D:/setup_file/apache-tomcat-9.0.21/temp
03-Oct-2023 08:28:18.962 INFO [main] org.apache.catalina.core.AprLifecycleListener.lifecycleEvent The APR based Apache Tomcat Native library which allows optimal performance in production environments was not found on the java.library.path: [C:\Program Files\Java\jre1.8.0_281\bin;C:\WINDOWS\Sun\Java\bin;C:\WINDOWS\system32;C:\WINDOWS;C:\Users\DELL\bin;C:\Program Files\Git\mingw64\bin;C:\Program Files\Git\usr\local\bin;C:\Program Files\Git\usr\bin;C:\Program Files\Git\usr\bin;C:\Program Files\Git\mingw64\bin;C:\Program Files\Git\usr\bin;C:\Users\DELL\bin;C:\Program Files (x86)\Common Files\Oracle\Java\javapath;C:\WINDOWS\system32;C:\WINDOWS;C:\WINDOWS\System32\Wbem;C:\WINDOWS\System32\WindowsPowerShell\v1.0;C:\WINDOWS\System32\OpenSSH;C:\Program Files\nodejs;C:\Program Files\Git\cmd;C:\Program Files (x86)\Common Files\Oracle\Java\javapath;C:\WINDOWS\system32;C:\WINDOWS;C:\WINDOWS\System32\Wbem;C:\WINDOWS\System32\WindowsPowerShell\v1.0;C:\WINDOWS\System32\OpenSSH;C:\Program Files\nodejs;C:\Program Files\Git\cmd;C:\Users\DELL\AppData\Local\Microsoft\WindowsApps;C:\Users\DELL\AppData\Roaming\npm;C:\Program Files\MySQL\MySQL Server 8.0\bin;C:\Program Files\Git\usr\bin\vendor_perl;C:\Program Files\Git\usr\bin\core_perl;.]
03-Oct-2023 08:28:19.260 INFO [main] org.apache.coyote.AbstractProtocol.init Initializing ProtocolHandler ["http-nio-8080"]
03-Oct-2023 08:28:19.363 INFO [main] org.apache.coyote.AbstractProtocol.init Initializing ProtocolHandler ["ajp-nio-8009"]
03-Oct-2023 08:28:19.364 INFO [main] org.apache.catalina.startup.Catalina.load Server initialization in [583] milliseconds
03-Oct-2023 08:28:19.384 INFO [main] org.apache.catalina.core.StandardService.startInternal Starting service [Catalina]
03-Oct-2023 08:28:19.384 INFO [main] org.apache.catalina.core.StandardEngine.startInternal Starting Servlet engine: [Apache Tomcat/9.0.21]
03-Oct-2023 08:28:19.403 INFO [main] org.apache.catalina.startup.HostConfig.deployWAR Deploying web application archive [D:\setup_file\apache-tomcat-9.0.21\webapps\ROOT.war]
03-Oct-2023 08:28:19.895 INFO [main] org.apache.jasper.servlet.TldScanner.scanJars At least one JAR was scanned for TLDs yet contained no TLDs. Enable debug logging for this logger for a complete list of JARs that were scanned but no TLDs were found in them. Skipping unneeded JARs during scanning can improve startup time and JSP compilation time.
03-Oct-2023 08:28:19.944 INFO [main] org.apache.catalina.startup.HostConfig.deployWAR Deployment of web application archive [D:\setup_file\apache-tomcat-9.0.21\webapps\ROOT.war] has finished in [541] ms
03-Oct-2023 08:28:19.945 INFO [main] org.apache.catalina.startup.HostConfig.deployDirectory Deploying web application directory [D:\setup_file\apache-tomcat-9.0.21\webapps\docs]
03-Oct-2023 08:28:19.957 INFO [main] org.apache.catalina.startup.HostConfig.deployDirectory Deployment of web application directory [D:\setup_file\apache-tomcat-9.0.21\webapps\docs] has finished in [12] ms
03-Oct-2023 08:28:19.958 INFO [main] org.apache.catalina.startup.HostConfig.deployDirectory Deploying web application directory [D:\setup_file\apache-tomcat-9.0.21\webapps\examples]
03-Oct-2023 08:28:20.268 INFO [main] org.apache.catalina.startup.HostConfig.deployDirectory Deployment of web application directory [D:\setup_file\apache-tomcat-9.0.21\webapps\examples] has finished in [310] ms
03-Oct-2023 08:28:20.268 INFO [main] org.apache.catalina.startup.HostConfig.deployDirectory Deploying web application directory [D:\setup_file\apache-tomcat-9.0.21\webapps\Gradle___com_example___ss10_1_0_SNAPSHOT_war]
03-Oct-2023 08:28:20.358 INFO [main] org.apache.catalina.startup.HostConfig.deployDirectory Deployment of web application directory [D:\setup_file\apache-tomcat-9.0.21\webapps\Gradle___com_example___ss10_1_0_SNAPSHOT_war] has finished in [90] ms
03-Oct-2023 08:28:20.358 INFO [main] org.apache.catalina.startup.HostConfig.deployDirectory Deploying web application directory [D:\setup_file\apache-tomcat-9.0.21\webapps\Gradle___com_example___ss9_1_0_SNAPSHOT_war]
03-Oct-2023 08:28:20.378 INFO [main] org.apache.catalina.startup.HostConfig.deployDirectory Deployment of web application directory [D:\setup_file\apache-tomcat-9.0.21\webapps\Gradle___com_example___ss9_1_0_SNAPSHOT_war] has finished in [19] ms
03-Oct-2023 08:28:20.378 INFO [main] org.apache.catalina.startup.HostConfig.deployDirectory Deploying web application directory [D:\setup_file\apache-tomcat-9.0.21\webapps\host-manager]
03-Oct-2023 08:28:20.396 INFO [main] org.apache.catalina.startup.HostConfig.deployDirectory Deployment of web application directory [D:\setup_file\apache-tomcat-9.0.21\webapps\host-manager] has finished in [18] ms
03-Oct-2023 08:28:20.396 INFO [main] org.apache.catalina.startup.HostConfig.deployDirectory Deploying web application directory [D:\setup_file\apache-tomcat-9.0.21\webapps\manager]
03-Oct-2023 08:28:20.413 INFO [main] org.apache.catalina.startup.HostConfig.deployDirectory Deployment of web application directory [D:\setup_file\apache-tomcat-9.0.21\webapps\manager] has finished in [17] ms
03-Oct-2023 08:28:20.415 INFO [main] org.apache.coyote.AbstractProtocol.start Starting ProtocolHandler ["http-nio-8080"]
03-Oct-2023 08:28:20.421 INFO [main] org.apache.coyote.AbstractProtocol.start Starting ProtocolHandler ["ajp-nio-8009"]
03-Oct-2023 08:28:20.422 INFO [main] org.apache.catalina.startup.Catalina.start Server startup in [1,056] milliseconds
Loading class `com.mysql.jdbc.Driver'. This is deprecated. The new driver class is `com.mysql.cj.jdbc.Driver'. The driver is automatically registered via the SPI and manual loading of the driver class is generally unnecessary.
03-Oct-2023 08:31:20.971 INFO [main] org.apache.catalina.core.StandardServer.await A valid shutdown command was received via the shutdown port. Stopping the Server instance.
03-Oct-2023 08:31:20.971 INFO [main] org.apache.coyote.AbstractProtocol.pause Pausing ProtocolHandler ["http-nio-8080"]
03-Oct-2023 08:31:21.051 INFO [main] org.apache.coyote.AbstractProtocol.pause Pausing ProtocolHandler ["ajp-nio-8009"]
03-Oct-2023 08:31:21.126 INFO [main] org.apache.catalina.core.StandardService.stopInternal Stopping service [Catalina]
03-Oct-2023 08:31:21.131 WARNING [main] org.apache.catalina.loader.WebappClassLoaderBase.clearReferencesJdbc The web application [ROOT] registered the JDBC driver [com.mysql.cj.jdbc.Driver] but failed to unregister it when the web application was stopped. To prevent a memory leak, the JDBC Driver has been forcibly unregistered.
03-Oct-2023 08:31:21.132 WARNING [main] org.apache.catalina.loader.WebappClassLoaderBase.clearReferencesThreads The web application [ROOT] appears to have started a thread named [mysql-cj-abandoned-connection-cleanup] but has failed to stop it. This is very likely to create a memory leak. Stack trace of thread:
 java.lang.Object.wait(Native Method)
 java.lang.ref.ReferenceQueue.remove(Unknown Source)
 com.mysql.cj.jdbc.AbandonedConnectionCleanupThread.run(AbandonedConnectionCleanupThread.java:91)
 java.util.concurrent.ThreadPoolExecutor.runWorker(Unknown Source)
 java.util.concurrent.ThreadPoolExecutor$Worker.run(Unknown Source)
 java.lang.Thread.run(Unknown Source)
03-Oct-2023 08:31:21.142 INFO [main] org.apache.coyote.AbstractProtocol.stop Stopping ProtocolHandler ["http-nio-8080"]
03-Oct-2023 08:31:21.143 INFO [main] org.apache.coyote.AbstractProtocol.stop Stopping ProtocolHandler ["ajp-nio-8009"]
03-Oct-2023 08:31:21.143 INFO [main] org.apache.coyote.AbstractProtocol.destroy Destroying ProtocolHandler ["http-nio-8080"]
03-Oct-2023 08:31:21.143 INFO [main] org.apache.coyote.AbstractProtocol.destroy Destroying ProtocolHandler ["ajp-nio-8009"]
